<?xml version="1.0" encoding="UTF-8"?>
<!-- Generated by org.testng.reporters.JUnitReportReporter -->
<testsuite hostname="inlen8520037289" failures="0" tests="6" name="com.TestCases.ParallelExecution" time="5.360" errors="0" timestamp="2023-06-27T11:31:36 IST" skipped="0">
  <testcase classname="com.TestCases.ParallelExecution" name="loadurl" time="0.019"/>
  <testcase classname="com.TestCases.ParallelExecution" name="PageTitle" time="4.591"/>
  <testcase classname="com.TestCases.ParallelExecution" name="Heading4" time="0.215"/>
  <testcase classname="com.TestCases.ParallelExecution" name="Heading3" time="0.182"/>
  <testcase classname="com.TestCases.ParallelExecution" name="Heading2" time="0.185"/>
  <testcase classname="com.TestCases.ParallelExecution" name="Heading1" time="0.168"/>
</testsuite> <!-- com.TestCases.ParallelExecution -->
