<?xml version="1.0" encoding="UTF-8"?>
<!-- Generated by org.testng.reporters.JUnitReportReporter -->
<testsuite hostname="inlen8520037289" failures="0" tests="6" name="com.TestCases.RunTestCases" time="17.949" errors="0" timestamp="2023-06-28T10:12:02 IST" skipped="0">
  <testcase classname="com.TestCases.RunTestCases" name="loadurl" time="0.045"/>
  <testcase classname="com.TestCases.RunTestCases" name="pageTitle" time="5.139"/>
  <testcase classname="com.TestCases.RunTestCases" name="heading4" time="3.214"/>
  <testcase classname="com.TestCases.RunTestCases" name="heading3" time="3.198"/>
  <testcase classname="com.TestCases.RunTestCases" name="heading2" time="3.173"/>
  <testcase classname="com.TestCases.RunTestCases" name="heading1" time="3.180"/>
</testsuite> <!-- com.TestCases.RunTestCases -->
