<?xml version="1.0" encoding="UTF-8"?>
<!-- Generated by org.testng.reporters.JUnitReportReporter -->
<testsuite hostname="inlen8520037289" failures="0" tests="2" name="com.ParallelExcecution.RunParallelExecution" time="14.275" errors="0" timestamp="2023-06-27T16:33:16 IST" skipped="0">
  <testcase classname="com.ParallelExcecution.RunParallelExecution" name="Test1" time="7.549"/>
  <testcase classname="com.ParallelExcecution.RunParallelExecution" name="Test2" time="6.726"/>
</testsuite> <!-- com.ParallelExcecution.RunParallelExecution -->
